18:17:06.161 [main] INFO  testcase.testcase_zigwheels01 - printing deatils of honda bikes
18:17:06.309 [main] INFO  testcase.testcase_zigwheels01 - Selecting used bikes in chennai
18:17:06.457 [main] INFO  testcase.testcase_zigwheels01 - validating user deatils
18:17:59.554 [main] INFO  testcase.testcase_zigwheels01 - ****** starting testcase_zigwheels01 ******
18:18:07.912 [main] INFO  testcase.testcase_zigwheels01 - printing deatils of honda bikes
18:18:08.045 [main] INFO  testcase.testcase_zigwheels01 - Selecting used bikes in chennai
18:18:08.134 [main] INFO  testcase.testcase_zigwheels01 - validating user deatils
18:19:33.833 [main] INFO  testcase.testcase_zigwheels01 - ****** starting testcase_zigwheels01 ******
18:19:37.254 [main] INFO  testcase.testcase_zigwheels01 - perform action on new cars
18:19:41.489 [main] INFO  testcase.testcase_zigwheels01 - clicked on upcoming cars
18:19:41.861 [main] INFO  testcase.testcase_zigwheels01 - printing deatils of honda bikes
18:19:42.290 [main] INFO  testcase.testcase_zigwheels01 - selcting dropsown
18:19:43.992 [main] INFO  testcase.testcase_zigwheels01 - selecting honda
18:19:45.199 [main] INFO  testcase.testcase_zigwheels01 - selcting readmore
18:19:52.591 [main] INFO  testcase.testcase_zigwheels01 - navigating back to home page
18:19:53.545 [main] INFO  testcase.testcase_zigwheels01 - Selecting used bikes in chennai
18:19:53.921 [main] INFO  testcase.testcase_zigwheels01 - selcting used bikes
18:20:00.581 [main] INFO  testcase.testcase_zigwheels01 - Selecting city
18:20:00.918 [main] INFO  testcase.testcase_zigwheels01 - scrolling upto popular models
18:20:01.435 [main] INFO  testcase.testcase_zigwheels01 - printing popular models
18:20:01.861 [main] INFO  testcase.testcase_zigwheels01 - validating user deatils
18:20:05.763 [main] INFO  testcase.testcase_zigwheels01 - navigating back to home page
18:20:08.164 [main] INFO  testcase.testcase_zigwheels01 - selcting login/signup
18:20:09.213 [main] INFO  testcase.testcase_zigwheels01 - select google
18:20:09.835 [main] INFO  testcase.testcase_zigwheels01 - entering details
18:20:12.353 [main] INFO  testcase.testcase_zigwheels01 - entering invalid emil id
18:20:13.356 [main] INFO  testcase.testcase_zigwheels01 - clicking next button
18:20:13.667 [main] INFO  testcase.testcase_zigwheels01 - validating error message
18:20:13.667 [main] ERROR testcase.testcase_zigwheels01 - test failed...
18:20:13.667 [main] INFO  testcase.testcase_zigwheels01 - ****** finishedtestcase_zigwheels01 ******
21:58:50.972 [main] INFO  testcase.testcase_zigwheels01 - ****** starting testcase_zigwheels01 ******
21:58:56.232 [main] INFO  testcase.testcase_zigwheels01 - perform action on new cars
21:58:59.392 [main] INFO  testcase.testcase_zigwheels01 - clicked on upcoming cars
21:58:59.906 [main] INFO  testcase.testcase_zigwheels01 - printing deatils of honda bikes
21:59:02.043 [main] INFO  testcase.testcase_zigwheels01 - selcting dropsown
21:59:04.316 [main] INFO  testcase.testcase_zigwheels01 - selecting honda
21:59:06.636 [main] INFO  testcase.testcase_zigwheels01 - selcting readmore
21:59:19.751 [main] INFO  testcase.testcase_zigwheels01 - navigating back to home page
21:59:20.998 [main] INFO  testcase.testcase_zigwheels01 - Selecting used bikes in chennai
21:59:21.563 [main] INFO  testcase.testcase_zigwheels01 - selcting used bikes
21:59:28.373 [main] INFO  testcase.testcase_zigwheels01 - Selecting city
21:59:28.975 [main] INFO  testcase.testcase_zigwheels01 - scrolling upto popular models
21:59:30.155 [main] INFO  testcase.testcase_zigwheels01 - printing popular models
21:59:30.548 [main] INFO  testcase.testcase_zigwheels01 - validating user deatils
21:59:32.638 [main] INFO  testcase.testcase_zigwheels01 - navigating back to home page
21:59:36.888 [main] INFO  testcase.testcase_zigwheels01 - selcting login/signup
21:59:38.464 [main] INFO  testcase.testcase_zigwheels01 - select google
21:59:39.688 [main] INFO  testcase.testcase_zigwheels01 - entering details
21:59:41.812 [main] INFO  testcase.testcase_zigwheels01 - entering invalid emil id
21:59:43.610 [main] INFO  testcase.testcase_zigwheels01 - clicking next button
21:59:44.034 [main] INFO  testcase.testcase_zigwheels01 - validating error message
21:59:44.034 [main] ERROR testcase.testcase_zigwheels01 - test failed...
21:59:44.034 [main] INFO  testcase.testcase_zigwheels01 - ****** finishedtestcase_zigwheels01 ******
15:35:45.775 [main] INFO  testcase.testcase_zigwheels01 - ****** starting testcase_zigwheels01 ******
15:35:47.957 [main] INFO  testcase.testcase_zigwheels01 - perform action on new cars
15:35:57.582 [main] INFO  testcase.testcase_zigwheels01 - clicked on upcoming cars
15:35:58.294 [main] INFO  testcase.testcase_zigwheels01 - printing deatils of honda bikes
15:35:58.904 [main] INFO  testcase.testcase_zigwheels01 - selcting dropsown
15:36:02.454 [main] INFO  testcase.testcase_zigwheels01 - selecting honda
15:36:04.675 [main] INFO  testcase.testcase_zigwheels01 - selcting readmore
